mode: set
github.com/datatogether/archivers-api/postgres.go:33.23,36.28 3 0
github.com/datatogether/archivers-api/postgres.go:36.28,38.17 2 0
github.com/datatogether/archivers-api/postgres.go:43.3,44.51 2 0
github.com/datatogether/archivers-api/postgres.go:47.3,47.8 1 0
github.com/datatogether/archivers-api/postgres.go:38.17,41.12 3 0
github.com/datatogether/archivers-api/postgres.go:44.51,46.4 1 0
github.com/datatogether/archivers-api/postgres.go:52.65,54.16 2 1
github.com/datatogether/archivers-api/postgres.go:57.2,57.33 1 1
github.com/datatogether/archivers-api/postgres.go:60.2,60.8 1 1
github.com/datatogether/archivers-api/postgres.go:54.16,56.3 1 0
github.com/datatogether/archivers-api/postgres.go:57.33,59.3 1 0
github.com/datatogether/archivers-api/postgres.go:65.43,70.97 3 0
github.com/datatogether/archivers-api/postgres.go:74.2,77.16 3 0
github.com/datatogether/archivers-api/postgres.go:81.2,92.4 1 0
github.com/datatogether/archivers-api/postgres.go:99.2,110.16 1 0
github.com/datatogether/archivers-api/postgres.go:114.2,114.12 1 0
github.com/datatogether/archivers-api/postgres.go:70.97,72.3 1 0
github.com/datatogether/archivers-api/postgres.go:77.16,79.3 1 0
github.com/datatogether/archivers-api/postgres.go:92.4,93.49 1 0
github.com/datatogether/archivers-api/postgres.go:93.49,96.4 2 0
github.com/datatogether/archivers-api/postgres.go:110.16,112.3 1 0
github.com/datatogether/archivers-api/postgres.go:119.57,121.16 2 0
github.com/datatogether/archivers-api/postgres.go:124.2,124.27 1 0
github.com/datatogether/archivers-api/postgres.go:130.2,130.12 1 0
github.com/datatogether/archivers-api/postgres.go:121.16,123.3 1 0
github.com/datatogether/archivers-api/postgres.go:124.27,125.73 1 0
github.com/datatogether/archivers-api/postgres.go:125.73,128.4 2 0
github.com/datatogether/archivers-api/config.go:69.55,72.51 2 1
github.com/datatogether/archivers-api/config.go:84.2,84.20 1 1
github.com/datatogether/archivers-api/config.go:88.2,94.26 2 1
github.com/datatogether/archivers-api/config.go:98.2,98.8 1 1
github.com/datatogether/archivers-api/config.go:72.51,74.46 2 1
github.com/datatogether/archivers-api/config.go:74.46,76.4 1 0
github.com/datatogether/archivers-api/config.go:77.3,78.40 1 0
github.com/datatogether/archivers-api/config.go:78.40,80.4 1 0
github.com/datatogether/archivers-api/config.go:84.20,86.3 1 1
github.com/datatogether/archivers-api/config.go:94.26,96.3 1 0
github.com/datatogether/archivers-api/config.go:101.38,103.2 1 1
github.com/datatogether/archivers-api/config.go:106.59,107.33 1 1
github.com/datatogether/archivers-api/config.go:113.2,113.12 1 1
github.com/datatogether/archivers-api/config.go:107.33,108.18 1 1
github.com/datatogether/archivers-api/config.go:108.18,110.4 1 0
github.com/datatogether/archivers-api/config.go:118.54,120.27 2 1
github.com/datatogether/archivers-api/config.go:126.2,126.17 1 1
github.com/datatogether/archivers-api/config.go:120.27,122.28 2 0
github.com/datatogether/archivers-api/config.go:122.28,124.4 1 0
github.com/datatogether/archivers-api/config.go:130.35,133.2 2 1
github.com/datatogether/archivers-api/config.go:136.24,138.2 0 0
github.com/datatogether/archivers-api/page.go:13.37,15.2 1 0
github.com/datatogether/archivers-api/page.go:17.28,19.2 1 0
github.com/datatogether/archivers-api/page.go:22.44,24.50 2 0
github.com/datatogether/archivers-api/page.go:27.2,27.17 1 0
github.com/datatogether/archivers-api/page.go:31.2,31.54 1 0
github.com/datatogether/archivers-api/page.go:34.2,34.15 1 0
github.com/datatogether/archivers-api/page.go:38.2,38.30 1 0
github.com/datatogether/archivers-api/page.go:24.50,26.3 1 0
github.com/datatogether/archivers-api/page.go:27.17,29.3 1 0
github.com/datatogether/archivers-api/page.go:31.54,33.3 1 0
github.com/datatogether/archivers-api/page.go:34.15,36.3 1 0
github.com/datatogether/archivers-api/server.go:21.13,28.2 3 1
github.com/datatogether/archivers-api/server.go:31.13,34.16 3 0
github.com/datatogether/archivers-api/server.go:41.2,56.32 6 0
github.com/datatogether/archivers-api/server.go:34.16,36.67 1 0
github.com/datatogether/archivers-api/server.go:61.39,105.2 13 1
github.com/datatogether/archivers-api/source_requests.go:8.13,10.2 1 1
github.com/datatogether/archivers-api/source_requests.go:20.78,25.16 3 0
github.com/datatogether/archivers-api/source_requests.go:29.2,30.16 2 0
github.com/datatogether/archivers-api/source_requests.go:34.2,35.12 2 0
github.com/datatogether/archivers-api/source_requests.go:25.16,27.3 1 0
github.com/datatogether/archivers-api/source_requests.go:30.16,32.3 1 0
github.com/datatogether/archivers-api/source_requests.go:43.83,45.16 2 0
github.com/datatogether/archivers-api/source_requests.go:48.2,49.12 2 0
github.com/datatogether/archivers-api/source_requests.go:45.16,47.3 1 0
github.com/datatogether/archivers-api/url_handlers.go:8.57,9.18 1 0
github.com/datatogether/archivers-api/url_handlers.go:10.17,11.23 1 0
github.com/datatogether/archivers-api/url_handlers.go:12.13,13.22 1 0
github.com/datatogether/archivers-api/url_handlers.go:14.10,15.24 1 0
github.com/datatogether/archivers-api/url_handlers.go:19.58,20.18 1 0
github.com/datatogether/archivers-api/url_handlers.go:21.13,22.24 1 0
github.com/datatogether/archivers-api/url_handlers.go:23.10,24.24 1 0
github.com/datatogether/archivers-api/url_handlers.go:28.60,36.16 4 0
github.com/datatogether/archivers-api/url_handlers.go:40.2,40.23 1 0
github.com/datatogether/archivers-api/url_handlers.go:36.16,39.3 2 0
github.com/datatogether/archivers-api/url_handlers.go:43.62,51.16 5 0
github.com/datatogether/archivers-api/url_handlers.go:55.2,55.33 1 0
github.com/datatogether/archivers-api/url_handlers.go:51.16,54.3 2 0
github.com/datatogether/archivers-api/url_requests.go:8.13,10.2 1 1
github.com/datatogether/archivers-api/url_requests.go:20.69,27.16 3 0
github.com/datatogether/archivers-api/url_requests.go:31.2,32.12 2 0
github.com/datatogether/archivers-api/url_requests.go:27.16,29.3 1 0
github.com/datatogether/archivers-api/url_requests.go:40.74,42.16 2 0
github.com/datatogether/archivers-api/url_requests.go:45.2,46.12 2 0
github.com/datatogether/archivers-api/url_requests.go:42.16,44.3 1 0
github.com/datatogether/archivers-api/user_handlers.go:7.58,8.18 1 0
github.com/datatogether/archivers-api/user_handlers.go:9.17,10.23 1 0
github.com/datatogether/archivers-api/user_handlers.go:11.13,11.13 0 0
github.com/datatogether/archivers-api/user_handlers.go:12.10,13.24 1 0
github.com/datatogether/archivers-api/user_handlers.go:17.59,18.18 1 0
github.com/datatogether/archivers-api/user_handlers.go:19.17,20.23 1 0
github.com/datatogether/archivers-api/user_handlers.go:21.13,21.13 0 0
github.com/datatogether/archivers-api/user_handlers.go:22.10,23.24 1 0
github.com/datatogether/archivers-api/primer_requests.go:8.13,10.2 1 1
github.com/datatogether/archivers-api/primer_requests.go:18.78,23.16 3 0
github.com/datatogether/archivers-api/primer_requests.go:27.2,28.12 2 0
github.com/datatogether/archivers-api/primer_requests.go:23.16,25.3 1 0
github.com/datatogether/archivers-api/primer_requests.go:36.83,38.16 2 0
github.com/datatogether/archivers-api/primer_requests.go:41.2,42.12 2 0
github.com/datatogether/archivers-api/primer_requests.go:38.16,40.3 1 0
github.com/datatogether/archivers-api/repository_handlers.go:7.66,8.18 1 0
github.com/datatogether/archivers-api/repository_handlers.go:9.17,10.23 1 0
github.com/datatogether/archivers-api/repository_handlers.go:11.13,11.13 0 0
github.com/datatogether/archivers-api/repository_handlers.go:13.10,14.24 1 0
github.com/datatogether/archivers-api/repository_handlers.go:22.64,23.18 1 0
github.com/datatogether/archivers-api/repository_handlers.go:24.17,25.23 1 0
github.com/datatogether/archivers-api/repository_handlers.go:26.13,26.13 0 0
github.com/datatogether/archivers-api/repository_handlers.go:27.10,28.24 1 0
github.com/datatogether/archivers-api/responses.go:8.67,16.2 2 0
github.com/datatogether/archivers-api/responses.go:18.96,29.2 2 0
github.com/datatogether/archivers-api/responses.go:32.50,34.2 1 0
github.com/datatogether/archivers-api/responses.go:36.90,46.2 2 0
github.com/datatogether/archivers-api/responses.go:48.73,57.16 3 0
github.com/datatogether/archivers-api/responses.go:63.2,65.12 3 0
github.com/datatogether/archivers-api/responses.go:57.16,61.3 3 0
github.com/datatogether/archivers-api/responses.go:68.65,70.16 2 0
github.com/datatogether/archivers-api/responses.go:76.2,78.12 3 0
github.com/datatogether/archivers-api/responses.go:70.16,74.3 3 0
github.com/datatogether/archivers-api/transports.go:17.51,20.12 2 0
github.com/datatogether/archivers-api/transports.go:24.2,35.12 4 0
github.com/datatogether/archivers-api/transports.go:37.2,49.39 2 0
github.com/datatogether/archivers-api/transports.go:20.12,22.3 1 0
github.com/datatogether/archivers-api/transports.go:35.12,35.31 1 0
github.com/datatogether/archivers-api/transports.go:53.22,55.16 2 0
github.com/datatogether/archivers-api/transports.go:59.2,64.76 2 0
github.com/datatogether/archivers-api/transports.go:70.2,70.26 1 0
github.com/datatogether/archivers-api/transports.go:55.16,57.3 1 0
github.com/datatogether/archivers-api/transports.go:64.76,68.4 3 0
github.com/datatogether/archivers-api/uncrawlable_handlers.go:9.65,10.18 1 0
github.com/datatogether/archivers-api/uncrawlable_handlers.go:11.17,12.23 1 0
github.com/datatogether/archivers-api/uncrawlable_handlers.go:13.13,14.30 1 0
github.com/datatogether/archivers-api/uncrawlable_handlers.go:15.13,16.31 1 0
github.com/datatogether/archivers-api/uncrawlable_handlers.go:17.16,18.33 1 0
github.com/datatogether/archivers-api/uncrawlable_handlers.go:19.10,20.24 1 0
github.com/datatogether/archivers-api/uncrawlable_handlers.go:24.66,25.18 1 0
github.com/datatogether/archivers-api/uncrawlable_handlers.go:26.13,27.32 1 0
github.com/datatogether/archivers-api/uncrawlable_handlers.go:28.21,29.31 1 0
github.com/datatogether/archivers-api/uncrawlable_handlers.go:30.10,31.24 1 0
github.com/datatogether/archivers-api/uncrawlable_handlers.go:35.68,42.16 4 0
github.com/datatogether/archivers-api/uncrawlable_handlers.go:46.2,46.23 1 0
github.com/datatogether/archivers-api/uncrawlable_handlers.go:42.16,45.3 2 0
github.com/datatogether/archivers-api/uncrawlable_handlers.go:49.70,57.16 5 0
github.com/datatogether/archivers-api/uncrawlable_handlers.go:61.2,61.33 1 0
github.com/datatogether/archivers-api/uncrawlable_handlers.go:57.16,60.3 2 0
github.com/datatogether/archivers-api/uncrawlable_handlers.go:64.69,66.59 2 0
github.com/datatogether/archivers-api/uncrawlable_handlers.go:70.2,71.56 2 0
github.com/datatogether/archivers-api/uncrawlable_handlers.go:75.2,75.23 1 0
github.com/datatogether/archivers-api/uncrawlable_handlers.go:66.59,69.3 2 0
github.com/datatogether/archivers-api/uncrawlable_handlers.go:71.56,74.3 2 0
github.com/datatogether/archivers-api/uncrawlable_handlers.go:78.71,80.59 2 0
github.com/datatogether/archivers-api/uncrawlable_handlers.go:84.2,85.56 2 0
github.com/datatogether/archivers-api/uncrawlable_handlers.go:89.2,89.23 1 0
github.com/datatogether/archivers-api/uncrawlable_handlers.go:80.59,83.3 2 0
github.com/datatogether/archivers-api/uncrawlable_handlers.go:85.56,88.3 2 0
github.com/datatogether/archivers-api/middleware.go:10.60,12.54 1 1
github.com/datatogether/archivers-api/middleware.go:12.54,19.26 2 1
github.com/datatogether/archivers-api/middleware.go:33.3,36.17 3 1
github.com/datatogether/archivers-api/middleware.go:41.3,41.18 1 1
github.com/datatogether/archivers-api/middleware.go:19.26,20.51 1 0
github.com/datatogether/archivers-api/middleware.go:20.51,25.5 4 0
github.com/datatogether/archivers-api/middleware.go:36.17,39.4 2 0
github.com/datatogether/archivers-api/middleware.go:46.61,48.39 2 1
github.com/datatogether/archivers-api/middleware.go:48.39,49.18 1 1
github.com/datatogether/archivers-api/middleware.go:49.18,55.4 5 1
github.com/datatogether/archivers-api/primer_handlers.go:8.60,9.18 1 0
github.com/datatogether/archivers-api/primer_handlers.go:10.17,11.23 1 0
github.com/datatogether/archivers-api/primer_handlers.go:12.13,13.25 1 0
github.com/datatogether/archivers-api/primer_handlers.go:14.10,15.24 1 0
github.com/datatogether/archivers-api/primer_handlers.go:19.61,20.18 1 0
github.com/datatogether/archivers-api/primer_handlers.go:21.13,22.27 1 0
github.com/datatogether/archivers-api/primer_handlers.go:23.10,24.24 1 0
github.com/datatogether/archivers-api/primer_handlers.go:28.63,34.16 4 0
github.com/datatogether/archivers-api/primer_handlers.go:38.2,38.23 1 0
github.com/datatogether/archivers-api/primer_handlers.go:34.16,37.3 2 0
github.com/datatogether/archivers-api/primer_handlers.go:41.65,49.16 5 0
github.com/datatogether/archivers-api/primer_handlers.go:53.2,53.33 1 0
github.com/datatogether/archivers-api/primer_handlers.go:49.16,52.3 2 0
github.com/datatogether/archivers-api/source_handlers.go:8.60,9.18 1 0
github.com/datatogether/archivers-api/source_handlers.go:10.17,11.23 1 0
github.com/datatogether/archivers-api/source_handlers.go:12.13,13.25 1 0
github.com/datatogether/archivers-api/source_handlers.go:14.10,15.24 1 0
github.com/datatogether/archivers-api/source_handlers.go:19.61,20.18 1 0
github.com/datatogether/archivers-api/source_handlers.go:21.13,22.27 1 0
github.com/datatogether/archivers-api/source_handlers.go:23.10,24.24 1 0
github.com/datatogether/archivers-api/source_handlers.go:28.63,34.16 4 0
github.com/datatogether/archivers-api/source_handlers.go:38.2,38.23 1 0
github.com/datatogether/archivers-api/source_handlers.go:34.16,37.3 2 0
github.com/datatogether/archivers-api/source_handlers.go:41.65,49.16 5 0
github.com/datatogether/archivers-api/source_handlers.go:53.2,53.33 1 0
github.com/datatogether/archivers-api/source_handlers.go:49.16,52.3 2 0
github.com/datatogether/archivers-api/uncrawlable_requests.go:8.13,10.2 1 1
github.com/datatogether/archivers-api/uncrawlable_requests.go:19.93,25.16 3 0
github.com/datatogether/archivers-api/uncrawlable_requests.go:29.2,30.12 2 0
github.com/datatogether/archivers-api/uncrawlable_requests.go:25.16,27.3 1 0
github.com/datatogether/archivers-api/uncrawlable_requests.go:38.98,40.16 2 0
github.com/datatogether/archivers-api/uncrawlable_requests.go:43.2,44.12 2 0
github.com/datatogether/archivers-api/uncrawlable_requests.go:40.16,42.3 1 0
github.com/datatogether/archivers-api/uncrawlable_requests.go:47.95,49.16 2 0
github.com/datatogether/archivers-api/uncrawlable_requests.go:53.2,54.12 2 0
github.com/datatogether/archivers-api/uncrawlable_requests.go:49.16,51.3 1 0
github.com/datatogether/archivers-api/uncrawlable_requests.go:57.97,59.16 2 0
github.com/datatogether/archivers-api/uncrawlable_requests.go:63.2,64.12 2 0
github.com/datatogether/archivers-api/uncrawlable_requests.go:59.16,61.3 1 0
github.com/datatogether/archivers-api/auth.go:26.61,30.17 3 1
github.com/datatogether/archivers-api/auth.go:46.2,47.14 2 1
github.com/datatogether/archivers-api/auth.go:51.2,51.32 1 1
github.com/datatogether/archivers-api/auth.go:30.17,32.17 2 0
github.com/datatogether/archivers-api/auth.go:36.3,36.38 1 0
github.com/datatogether/archivers-api/auth.go:32.17,35.4 2 0
github.com/datatogether/archivers-api/auth.go:36.38,38.69 2 0
github.com/datatogether/archivers-api/auth.go:42.4,42.16 1 0
github.com/datatogether/archivers-api/auth.go:38.69,41.5 2 0
github.com/datatogether/archivers-api/auth.go:47.14,49.3 1 1
github.com/datatogether/archivers-api/auth.go:54.36,56.22 2 1
github.com/datatogether/archivers-api/auth.go:60.2,61.16 2 1
github.com/datatogether/archivers-api/auth.go:65.2,65.11 1 1
github.com/datatogether/archivers-api/auth.go:56.22,58.3 1 0
github.com/datatogether/archivers-api/auth.go:61.16,63.3 1 0
github.com/datatogether/archivers-api/auth.go:68.43,73.2 1 1
github.com/datatogether/archivers-api/handlers.go:12.65,15.2 2 1
github.com/datatogether/archivers-api/handlers.go:17.61,19.2 1 0
github.com/datatogether/archivers-api/handlers.go:21.62,24.2 2 0
github.com/datatogether/archivers-api/handlers.go:28.61,30.2 1 0
github.com/datatogether/archivers-api/handlers.go:32.60,35.2 2 0
github.com/datatogether/archivers-api/handlers.go:37.62,39.2 1 0
